<?xml version="1.0" encoding="UTF-8"?>
<testsuite xmlns:xsi="http://www.w3.org/2001/XMLSchema-instance" xsi:noNamespaceSchemaLocation="https://maven.apache.org/surefire/maven-surefire-plugin/xsd/surefire-test-report-3.0.xsd" version="3.0" name="com.elitegym.service.ProgressServiceTest" time="0.132" tests="19" errors="0" skipped="0" failures="0">
  <properties>
[...]
</properties>
  <testcase name="getDetail_NonOwner_ThrowsUnauthorized" classname="com.elitegym.service.ProgressServiceTest" time="0.05"/>
  <testcase name="updateEntry_NonOwner_ThrowsUnauthorized" classname="com.elitegym.service.ProgressServiceTest" time="0.005"/>
  <testcase name="updateEntry_NullPhotos_PreservesExistingPhotos" classname="com.elitegym.service.ProgressServiceTest" time="0.008">
    <system-out><![CDATA[19:17:23.823 [main] INFO com.elitegym.service.ProgressService -- Student #20 updated progress entry #2
]]></system-out>
  </testcase>
  <testcase name="getLatest_ReturnsNewest" classname="com.elitegym.service.ProgressServiceTest" time="0.004"/>
  <testcase name="createEntry_Success" classname="com.elitegym.service.ProgressServiceTest" time="0.005">
    <system-out><![CDATA[19:17:23.838 [main] INFO com.elitegym.service.ProgressService -- Student #20 created progress entry #10 for 2026-04-05
]]></system-out>
  </testcase>
  <testcase name="getDetail_NotFound" classname="com.elitegym.service.ProgressServiceTest" time="0.003"/>
  <testcase name="createEntry_StudentNotFound_ThrowsResourceNotFound" classname="com.elitegym.service.ProgressServiceTest" time="0.002"/>
  <testcase name="getLatest_Empty_ThrowsNotFound" classname="com.elitegym.service.ProgressServiceTest" time="0.002"/>
  <testcase name="deleteEntry_Owner_Success" classname="com.elitegym.service.ProgressServiceTest" time="0.004">
    <system-out><![CDATA[19:17:23.850 [main] INFO com.elitegym.service.ProgressService -- Student #20 deleted progress entry #1
]]></system-out>
  </testcase>
  <testcase name="trainerPrincipal_getMyProgress_StudentProfileNotFound" classname="com.elitegym.service.ProgressServiceTest" time="0.003"/>
  <testcase name="createEntry_NotesOnly_Success" classname="com.elitegym.service.ProgressServiceTest" time="0.002">
    <system-out><![CDATA[19:17:23.857 [main] INFO com.elitegym.service.ProgressService -- Student #20 created progress entry #42 for 2026-04-05
]]></system-out>
  </testcase>
  <testcase name="deleteEntry_NotFound" classname="com.elitegym.service.ProgressServiceTest" time="0.002"/>
  <testcase name="createEntry_DuplicateDate_ThrowsBadRequest" classname="com.elitegym.service.ProgressServiceTest" time="0.003"/>
  <testcase name="updateEntry_SuccessOwner" classname="com.elitegym.service.ProgressServiceTest" time="0.01">
    <system-out><![CDATA[19:17:23.874 [main] INFO com.elitegym.service.ProgressService -- Student #20 updated progress entry #2
]]></system-out>
  </testcase>
  <testcase name="getDetail_Owner_Success" classname="com.elitegym.service.ProgressServiceTest" time="0.003"/>
  <testcase name="getMyProgress_ReturnsHistoryDesc" classname="com.elitegym.service.ProgressServiceTest" time="0.005"/>
  <testcase name="enumValues_ProgressPhotoType" classname="com.elitegym.service.ProgressServiceTest" time="0.001"/>
  <testcase name="createEntry_EmptyEntry_ThrowsBadRequest" classname="com.elitegym.service.ProgressServiceTest" time="0.002"/>
  <testcase name="deleteEntry_NonOwner_ThrowsUnauthorized" classname="com.elitegym.service.ProgressServiceTest" time="0.002"/>
</testsuite>